2014-10-19 19:00:52,795 [Worker-3] INFO  o.e.m.c.i.l.LifecycleMappingFactory - Using org.maven.ide.eclipse.wtp.WarLifecycleMapping lifecycle mapping for MavenProject: Skeleton:Skeleton:1.0 @ /Users/joelniklaus/Google Drive/Studium/Informatik/Einführung in Software Engineering/Uebungen/team7/Skeleton/pom.xml.
2014-10-19 19:00:53,177 [Worker-4] INFO  o.e.m.c.i.embedder.EclipseLogger - Using 'UTF-8' encoding to copy filtered resources.
2014-10-19 19:00:53,179 [Worker-4] INFO  o.e.m.c.i.embedder.EclipseLogger - skip non existing resourceDirectory /Users/joelniklaus/Google Drive/Studium/Informatik/Einführung in Software Engineering/Uebungen/team7/Skeleton/src/main/resources
2014-10-19 19:00:53,180 [Worker-4] INFO  o.e.m.c.i.embedder.EclipseLogger - skip non existing resourceDirectory /Users/joelniklaus/Google Drive/Studium/Informatik/Einführung in Software Engineering/Uebungen/team7/Skeleton/src/main/resources
2014-10-19 19:00:53,183 [Worker-4] INFO  o.e.m.c.i.embedder.EclipseLogger - Using 'UTF-8' encoding to copy filtered resources.
2014-10-19 19:00:53,183 [Worker-4] INFO  o.e.m.c.i.embedder.EclipseLogger - skip non existing resourceDirectory /Users/joelniklaus/Google Drive/Studium/Informatik/Einführung in Software Engineering/Uebungen/team7/Skeleton/src/test/resources
2014-10-19 19:00:57,811 [Worker-8] INFO  o.e.m.c.i.embedder.EclipseLogger - Using 'UTF-8' encoding to copy filtered resources.
2014-10-19 19:00:57,812 [Worker-8] INFO  o.e.m.c.i.embedder.EclipseLogger - skip non existing resourceDirectory /Users/joelniklaus/Google Drive/Studium/Informatik/Einführung in Software Engineering/Uebungen/team7/Skeleton/src/main/resources
2014-10-19 19:00:57,812 [Worker-8] INFO  o.e.m.c.i.embedder.EclipseLogger - skip non existing resourceDirectory /Users/joelniklaus/Google Drive/Studium/Informatik/Einführung in Software Engineering/Uebungen/team7/Skeleton/src/main/resources
2014-10-19 19:00:57,813 [Worker-8] INFO  o.e.m.c.i.embedder.EclipseLogger - Using 'UTF-8' encoding to copy filtered resources.
2014-10-19 19:00:57,813 [Worker-8] INFO  o.e.m.c.i.embedder.EclipseLogger - skip non existing resourceDirectory /Users/joelniklaus/Google Drive/Studium/Informatik/Einführung in Software Engineering/Uebungen/team7/Skeleton/src/test/resources
2014-10-19 19:01:00,197 [Worker-4] INFO  o.e.m.c.i.embedder.EclipseLogger - Using 'UTF-8' encoding to copy filtered resources.
2014-10-19 19:01:00,198 [Worker-4] INFO  o.e.m.c.i.embedder.EclipseLogger - skip non existing resourceDirectory /Users/joelniklaus/Google Drive/Studium/Informatik/Einführung in Software Engineering/Uebungen/team7/Skeleton/src/main/resources
2014-10-19 19:01:00,198 [Worker-4] INFO  o.e.m.c.i.embedder.EclipseLogger - skip non existing resourceDirectory /Users/joelniklaus/Google Drive/Studium/Informatik/Einführung in Software Engineering/Uebungen/team7/Skeleton/src/main/resources
2014-10-19 19:01:00,199 [Worker-4] INFO  o.e.m.c.i.embedder.EclipseLogger - Using 'UTF-8' encoding to copy filtered resources.
2014-10-19 19:01:00,200 [Worker-4] INFO  o.e.m.c.i.embedder.EclipseLogger - skip non existing resourceDirectory /Users/joelniklaus/Google Drive/Studium/Informatik/Einführung in Software Engineering/Uebungen/team7/Skeleton/src/test/resources
2014-10-19 19:01:27,244 [Worker-7] INFO  o.e.m.i.launch.MavenLaunchDelegate - /Users/joelniklaus/Google Drive/Studium/Informatik/Einführung in Software Engineering/Uebungen/team7/Skeleton
2014-10-19 19:01:27,245 [Worker-7] INFO  o.e.m.i.launch.MavenLaunchDelegate -  mvn  -B jetty:stop jetty:run
2014-10-21 18:26:25,121 [Worker-4] INFO  o.e.m.c.i.e.AbstractTransferListenerAdapter - Downloaded https://maven.atlassian.com/public/org/json/json/20140107/json-20140107.pom
2014-10-21 18:26:25,261 [Worker-4] INFO  o.e.m.c.i.e.AbstractTransferListenerAdapter - Downloading http://repo.maven.apache.org/maven2/org/json/json/20140107/json-20140107.pom
2014-10-21 18:26:25,320 [Worker-4] INFO  o.e.m.c.i.e.AbstractTransferListenerAdapter - Downloaded http://repo.maven.apache.org/maven2/org/json/json/20140107/json-20140107.pom
2014-10-21 18:26:25,875 [Worker-4] INFO  o.e.m.c.i.e.AbstractTransferListenerAdapter - Downloaded https://maven.atlassian.com/public/org/sonatype/oss/oss-parent/7/oss-parent-7.pom
2014-10-21 18:26:25,907 [Worker-4] INFO  o.e.m.c.i.e.AbstractTransferListenerAdapter - Downloading http://repo.maven.apache.org/maven2/org/sonatype/oss/oss-parent/7/oss-parent-7.pom
2014-10-21 18:26:25,962 [Worker-4] INFO  o.e.m.c.i.e.AbstractTransferListenerAdapter - Downloaded http://repo.maven.apache.org/maven2/org/sonatype/oss/oss-parent/7/oss-parent-7.pom
2014-10-21 18:26:26,548 [Worker-4] INFO  o.e.m.c.i.e.AbstractTransferListenerAdapter - Downloaded https://maven.atlassian.com/public/org/json/json/20140107/json-20140107.jar
2014-10-21 18:26:26,584 [Worker-4] INFO  o.e.m.c.i.e.AbstractTransferListenerAdapter - Downloading http://repo.maven.apache.org/maven2/org/json/json/20140107/json-20140107.jar
2014-10-21 18:26:26,731 [Worker-4] INFO  o.e.m.c.i.e.AbstractTransferListenerAdapter - Downloaded http://repo.maven.apache.org/maven2/org/json/json/20140107/json-20140107.jar
2014-10-21 18:26:27,254 [Worker-4] INFO  o.e.m.c.i.embedder.EclipseLogger - Using 'UTF-8' encoding to copy filtered resources.
2014-10-21 18:26:27,255 [Worker-4] INFO  o.e.m.c.i.embedder.EclipseLogger - skip non existing resourceDirectory /Users/joelniklaus/Google Drive/Studium/Informatik/Einführung in Software Engineering/Uebungen/team7/Skeleton/src/main/resources
2014-10-21 18:26:27,255 [Worker-4] INFO  o.e.m.c.i.embedder.EclipseLogger - skip non existing resourceDirectory /Users/joelniklaus/Google Drive/Studium/Informatik/Einführung in Software Engineering/Uebungen/team7/Skeleton/src/main/resources
2014-10-21 18:26:27,258 [Worker-4] INFO  o.e.m.c.i.embedder.EclipseLogger - Using 'UTF-8' encoding to copy filtered resources.
2014-10-21 18:26:27,258 [Worker-4] INFO  o.e.m.c.i.embedder.EclipseLogger - skip non existing resourceDirectory /Users/joelniklaus/Google Drive/Studium/Informatik/Einführung in Software Engineering/Uebungen/team7/Skeleton/src/test/resources
2014-10-21 18:26:29,082 [Worker-8] INFO  o.e.m.c.i.l.LifecycleMappingFactory - Using org.maven.ide.eclipse.wtp.WarLifecycleMapping lifecycle mapping for MavenProject: Skeleton:Skeleton:1.0 @ /Users/joelniklaus/Google Drive/Studium/Informatik/Einführung in Software Engineering/Uebungen/team7/Skeleton/pom.xml.
2014-10-21 18:26:30,559 [Worker-8] INFO  o.e.m.c.i.embedder.EclipseLogger - Using 'UTF-8' encoding to copy filtered resources.
2014-10-21 18:26:30,559 [Worker-8] INFO  o.e.m.c.i.embedder.EclipseLogger - skip non existing resourceDirectory /Users/joelniklaus/Google Drive/Studium/Informatik/Einführung in Software Engineering/Uebungen/team7/Skeleton/src/main/resources
2014-10-21 18:26:30,559 [Worker-8] INFO  o.e.m.c.i.embedder.EclipseLogger - skip non existing resourceDirectory /Users/joelniklaus/Google Drive/Studium/Informatik/Einführung in Software Engineering/Uebungen/team7/Skeleton/src/main/resources
2014-10-21 18:26:30,561 [Worker-8] INFO  o.e.m.c.i.embedder.EclipseLogger - Using 'UTF-8' encoding to copy filtered resources.
2014-10-21 18:26:30,561 [Worker-8] INFO  o.e.m.c.i.embedder.EclipseLogger - skip non existing resourceDirectory /Users/joelniklaus/Google Drive/Studium/Informatik/Einführung in Software Engineering/Uebungen/team7/Skeleton/src/test/resources
2014-10-21 18:26:30,561 [Worker-8] INFO  o.e.m.w.i.f.ResourceFilteringBuildParticipant - Changed resources require a complete clean of filtered resources of Skeleton
2014-10-21 18:26:30,562 [Worker-8] INFO  o.e.m.w.i.f.ResourceFilteringBuildParticipant - Executing resource filtering for Skeleton
2014-10-21 18:26:30,569 [Worker-8] INFO  o.e.m.c.i.embedder.EclipseLogger - Using 'UTF-8' encoding to copy filtered resources.
2014-10-21 18:26:32,388 [Worker-8] INFO  o.e.m.c.i.embedder.EclipseLogger - Using 'UTF-8' encoding to copy filtered resources.
2014-10-21 18:26:32,388 [Worker-8] INFO  o.e.m.c.i.embedder.EclipseLogger - skip non existing resourceDirectory /Users/joelniklaus/Google Drive/Studium/Informatik/Einführung in Software Engineering/Uebungen/team7/Skeleton/src/main/resources
2014-10-21 18:26:32,389 [Worker-8] INFO  o.e.m.c.i.embedder.EclipseLogger - skip non existing resourceDirectory /Users/joelniklaus/Google Drive/Studium/Informatik/Einführung in Software Engineering/Uebungen/team7/Skeleton/src/main/resources
2014-10-21 18:26:32,391 [Worker-8] INFO  o.e.m.c.i.embedder.EclipseLogger - Using 'UTF-8' encoding to copy filtered resources.
2014-10-21 18:26:32,392 [Worker-8] INFO  o.e.m.c.i.embedder.EclipseLogger - skip non existing resourceDirectory /Users/joelniklaus/Google Drive/Studium/Informatik/Einführung in Software Engineering/Uebungen/team7/Skeleton/src/test/resources
2014-10-21 18:27:00,356 [Worker-5] INFO  o.e.m.c.i.embedder.EclipseLogger - Using 'UTF-8' encoding to copy filtered resources.
2014-10-21 18:27:00,356 [Worker-5] INFO  o.e.m.c.i.embedder.EclipseLogger - skip non existing resourceDirectory /Users/joelniklaus/Google Drive/Studium/Informatik/Einführung in Software Engineering/Uebungen/team7/Skeleton/src/main/resources
2014-10-21 18:27:00,356 [Worker-5] INFO  o.e.m.c.i.embedder.EclipseLogger - skip non existing resourceDirectory /Users/joelniklaus/Google Drive/Studium/Informatik/Einführung in Software Engineering/Uebungen/team7/Skeleton/src/main/resources
2014-10-21 18:27:00,358 [Worker-5] INFO  o.e.m.c.i.embedder.EclipseLogger - Using 'UTF-8' encoding to copy filtered resources.
2014-10-21 18:27:00,358 [Worker-5] INFO  o.e.m.c.i.embedder.EclipseLogger - skip non existing resourceDirectory /Users/joelniklaus/Google Drive/Studium/Informatik/Einführung in Software Engineering/Uebungen/team7/Skeleton/src/test/resources
2014-10-22 09:57:36,299 [Worker-4] INFO  o.e.m.c.i.embedder.EclipseLogger - Using 'UTF-8' encoding to copy filtered resources.
2014-10-22 09:57:36,337 [Worker-4] INFO  o.e.m.c.i.embedder.EclipseLogger - skip non existing resourceDirectory /Users/joelniklaus/Google Drive/Studium/Informatik/Einführung in Software Engineering/Uebungen/team7/Skeleton/src/main/resources
2014-10-22 09:57:36,339 [Worker-4] INFO  o.e.m.c.i.embedder.EclipseLogger - skip non existing resourceDirectory /Users/joelniklaus/Google Drive/Studium/Informatik/Einführung in Software Engineering/Uebungen/team7/Skeleton/src/main/resources
2014-10-22 09:57:36,342 [Worker-4] INFO  o.e.m.c.i.embedder.EclipseLogger - Using 'UTF-8' encoding to copy filtered resources.
2014-10-22 09:57:36,342 [Worker-4] INFO  o.e.m.c.i.embedder.EclipseLogger - skip non existing resourceDirectory /Users/joelniklaus/Google Drive/Studium/Informatik/Einführung in Software Engineering/Uebungen/team7/Skeleton/src/test/resources
